6745e274336bf17419810d05: bafkreic5qxdkx7qaegv7y2ggw3eipbwzpmbtvpqifagjzakb5zynr6eogm
6745e274336bf17419810d09: bafkreifru2xflrvwpvfi6tm7egq5bzhx47jztsjdi3jpo2xensnmjp6suu
6745e274336bf17419810d0d: bafkreidkyhfe6wmjeed4lfujkvy3a7ivb2flpeso4cgezbl6mcxqkpdfra
6745e274336bf17419810d11: bafkreic4sawvlf47shj6qb2aap4atkycfrsmsjkocjpfk6gangbxukjl34
6745e275336bf17419810d15: bafkreiejbbgctoyeq3oopwxwb2j3ek6euqw4yac2kkm3qjqdpjt46nm35m
6745e275336bf17419810d19: bafkreibbup6urgobxup5rruyvxbi7f3t5l4rfvbotd7aioqnnoqxn5fmka
6745e275336bf17419810d1d: bafkreiarfmbdwfjqzixqegjens3peiitcxmxfg6ibldu4seivhdwkt5rom
6745e275336bf17419810d21: bafkreicb5mi4gq7s3pa3im4ynp4ifmbngsjwxosz6de2qqzqygyrdg5e6a
6745e275336bf17419810d25: bafkreidn45m6fdrysf7qyxnadvy2s34mjilnylhxtzocvfjbmxr3lmibuu
6745e276336bf17419810d29: bafkreib65iojhabp6ogfkxhj7dme6dgxn74x63puvxohh7a5vynaqcb6eu
6745e276336bf17419810d2d: bafkreidsb7a5isjt7kk2eulpaocyag5vbmkj25mlhn75njhdytzbik44aq
6745e276336bf17419810d31: bafkreiaakkny3epthtiy23hadk2uyetiryld4atfqnoqxmkbpmnaa7fsge
6745e276336bf17419810d35: bafkreiawpn67zdun2dq6ansin5oy4yw6igv5j5csq3o2xhh26mzfta5kwq
6745e276336bf17419810d39: bafkreiau23xj7vxviqkqjtt25pilrdkdfv4urluixufwpe7iozvqhuo5qi
6745e277336bf17419810d3d: bafkreifnuj6ae6w42xjfqphaqgpou44irxooao34mwfe6rhhtteqenswr4
6745e277336bf17419810d41: bafkreie3q7dk6vmgcnpxnlrt7mi43slde4w2m3ggod6bvzijgnay6dgowu
6745e277336bf17419810d45: bafkreibsnrgjry2eznjmwvltqxkezg422oilv66telckngufz3ua2z3y4u
6745e277336bf17419810d4c: bafkreic6km2mpupdqtiqs2hhazrtxebwn42mhzshpcwznnnhptlrnqx7qu
6745e278336bf17419810d50: bafkreihxluyuib33x4ysnzaacvjswhyy2zuic62bz3o6n2pjnjmv7y3cia
6745e278336bf17419810d54: bafkreiey4maissphisy6racsc2jbmizhzyulsqrcae24ymuykkjddkctpa
6745e278336bf17419810d5b: bafkreihnqk4rjqku5fwnopcba7rndpagtzpszo2f3wh3qmreusq46broby
6745e278336bf17419810d5f: bafkreiegjl6a3n2bpkwmgesyjsy2pmtlpiqrgifhbjl3s7idiqnb7rhdom
6745e278336bf17419810d63: bafkreieee2m6alifwmi56wvaiulegkfm3dtrckb4k7fpwrnvra3iaytdyq
6745e279336bf17419810d67: bafkreibkdyl4lv6qxoxabu3agjoify2awfqoqs22bnibbjbpnvavjkndlu
6745e279336bf17419810d6e: bafkreiglviqldafmy2excvpvto3zt4lfxiawcbitnok2chn4afkvdpqh6a
6745e279336bf17419810d72: bafkreiexbzx22jj7xitxflqwrrf7d5lzognuufss55vsditpeznwup7qju
6745e27a336bf17419810d7c: bafkreibz6c53bm7qda5opshcqi4hbcqkbqbnpnoxzz2nvgzhar52cznnpu
6745e27a336bf17419810d86: bafkreifw7rtpu2qycmnil4jw5nrg6q23z5fa2noeb4c35z6rd25gsfnzgi
6745e27a336bf17419810d8a: bafkreih2x2mgr2ay2h5gzkdhcju6qhgebvk3gxcwd4dxjc4ydwiwmjziru
6745e27a336bf17419810d8e: bafkreigiz4hhyf72e66pijufcjvdzgc5dupkhiy5sxhe4ku2ainkoh5jfi
6745e27b336bf17419810d95: bafkreie6j5vrzlekxmk5gjbnow5mf7lrmnzvafo6foppcmw2ss2xoutuhy
6745e27b336bf17419810d99: bafkreicqm4vubh5kray43qorxwye3oe5uxwdaqm6cgswo4yyr4cxet24lm
6745e27b336bf17419810d9d: bafkreidl4k3ugv6vhzvhh3tt6qb7dpdiajjsgmoit6als3jx4htc3i5hu4
6745e27b336bf17419810da1: bafkreigbjkur2idoacpx3nccxqtmibpet4567oitvskn6zskvg4owd5twu
6745e27c336bf17419810da5: bafkreidj6pjant3ecm4mbljoyjgcu2fsl27x5jivlfrwwzf3wugkd3azlm
6745e27c336bf17419810da9: bafkreiej533jg7waz4rh3t47i6nvbx6b2ra4tdlclsv5n2e2dbvux7u4ke
6745e27c336bf17419810dad: bafkreicqzaqelpm45cid5eyvkre3xqvyi4p2jlq6ou3lkv4kt6aly7aypu
6745e27c336bf17419810db1: bafkreigbj56a72dcbeyuwa252vy6lm4fahxmexq74pqu32ia3duziodejy
6745e27c336bf17419810db5: bafkreibn35fcsm5cj6a5qkzfxkjelf5q4x2rbqahtdt5yo7davp36rde4m
6745e27d336bf17419810dbc: bafkreifw24xjlvtz46u6frup6sq3vk6hd2dhs42tq4ieq64nng46lgw76a
6745e27d336bf17419810dc6: bafkreicezfs2p3wziqsrqicjqrxdpquy4don34k5y5rajqzc4t7v2gejwm
6745e27d336bf17419810dca: bafkreihgdxnmvkgrjh3cnhga6l6sbrejtkt2kuqvvwegpcao3zrpncolwm
6745e27e336bf17419810dce: bafkreiaiylcbawrlv7zca5m2pfgzaznblepfqobcwb6bdnnwfijcoei2pi
6745e27e336bf17419810dd2: bafkreibjaf6zwwlkdc2ebczy2unkaj7bw2pzcwmaqxu63cgcey7iatw7cq
6745e27e336bf17419810dd6: bafkreicba7vgnnouchphpqmcg2tbzmvy3qw4nyu5curoeqcxem74yvdw6i
6745e27e336bf17419810dda: bafkreidibohjihibrmggasfzsxhyixweo762pwad7y4g44zxiuev5qgddi
6745e27e336bf17419810dde: bafkreid7quefy52c7zvnyu2ez4vnx3v2evvbm2uh5xmu627b3q76ku5mwe
6745e27f336bf17419810de2: bafkreifdqsqxjnfapqocyjr7c7kikfo5xyz2nuqd4mislvna7mscoodmte
6745e27f336bf17419810de6: bafkreibsjqhg44erw4o5jtq3jj6xqrm4ueub7dcnzdrymdvvfp2ftxef2m
6745e27f336bf17419810dea: bafkreicosgpmnywovrt7s6xuvs6vp6otp6hp5ayj3ccrufb76il2i5rfve
6745e27f336bf17419810dee: bafkreieefgehk7d37tcrutuq5j23utc46jbe5repd7zyioy3bec7htn3ri
6745e27f336bf17419810df5: bafkreiezgtvyccf4kpzl54i5rwwkm5nuo54bq2mrmm5rlkpiq7tkelxmly
6745e280336bf17419810df9: bafkreibvk2blenzcpsdf6bpug2k6wwrxwq6ccq77p5c6mxtklt2k6xll2m
6745e280336bf17419810dfd: bafkreiejud7uhwv2fzsufld46k35mlfd4tuo5tl66xj2cd2yu3labuksc4
6745e280336bf17419810e04: bafkreib4bey77xbn2fjpujulmsz333k6fng725ycln4hrfmvpxnfh2aoqa
6745e281336bf17419810e0c: bafkreig4e76tgktvl3qvtcthbokymiuzb2un7hobiv23l4k236fy5u2bz4
6745e281336bf17419810e10: bafkreibx4ocb3cktb4ktrbl3o4s2lxz3iwq45rbxnlyqjkxuqt3aiu4krq
6745e281336bf17419810e14: bafkreigam26p7l3f2agcg7sl34zz7h7njdaao4g3afn5kv3rt42qhsasbq
6745e281336bf17419810e18: bafkreicbicoc2l6b2mllha2ivkvcz3jzau3awcsxpmnxja3glmhy4zhtjq
6745e281336bf17419810e1c: bafkreid36gxginlexk4v5gae2p5ayjfl7rx3cwi63t6uzzjxfojn2dsx7m
6745e282336bf17419810e20: bafkreiamelnctnm6ds5mtdrll36ancjubvefqn3gjbdg4sfvczzeqzxmkq
6745e282336bf17419810e24: bafkreif2tentvcnrqpiiwtnrobuzmt4fisavgctbovvbjh4xuobibttibu
6745e282336bf17419810e28: bafkreihv2c7etjgntmqx7s4je3mzcrokja6jwjdcg3tjcytnvytt5bytzq
6745e282336bf17419810e2c: bafkreif3t6rlyyte4ltsgpvofhelfadu37ac7beub5ipffndobzjkx6u5i
6745e282336bf17419810e30: bafkreifb5r24enhky4rtcpawio637cjenoicacvd4exhkc6hspqu7rec4y
6745e283336bf17419810e34: bafkreihf2tchndwppqepq4eg65gct6dnh4g474grlzqvhacd24umj7atvm
6745e283336bf17419810e3b: bafkreihrjkc7sg65pzylygfg3t6vnbyh2mxcaauxjqefoceufafocn47fa
6745e283336bf17419810e3f: bafkreidyeunttjsvssq2dq2u4krf2gfgsaivey2hrpdsjyugk3dpgitkr4
6745e283336bf17419810e43: bafkreigjmiu22k4fyt36ceqmiwxpnpm2npg5wupxfzfbbp7p7dyg45ttg4
6745e284336bf17419810e47: bafkreif2nbniqxr327mf7uzddr76sxdxewnnkvvm2ue6wfmhh533uhoolu
6745e284336bf17419810e4b: bafkreiftn5cd4uc2sudsmoujr4wdqni5gxkugyjdombero2qgfctpqircu
6745e284336bf17419810e4f: bafkreiaui336jnbolblzxfxj7k7itcbhc5v433nb2yx3n73anszkutayve
6745e284336bf17419810e53: bafkreifhg3sun4s4sw4ixbtwlekxqb5u3iiao7sfdpnqul4uztv63m3p2u
6745e285336bf17419810e57: bafkreidyqwzc6kvqnav637pdjez2rrzbwgrjbig42arnl5kc3p23cempry
6745e285336bf17419810e5b: bafkreiaj7gmltv6rsi3753gqfmad7rapw2g4nmqskizjx3vwflqdmxm4ee
6745e285336bf17419810e5f: bafkreifnrm4v54xjcr57slkhnizlf53dx6atd6w326cdxhzqt7xdsnuok4
6745e286336bf17419810e63: bafkreia6mxz6oytzhjbvyrkp6mkexupkhni27cqynpx5fxs4ub2m3kjxqe
6745e286336bf17419810e67: bafkreihk5grxaslquqdatggt2mioo3jzaxflsjtooitdma5kt5qu3dao4q
6745e286336bf17419810e6b: bafkreiab2h7cjc7lcvchpqzb3ysk6i4tflvbyrfklbd6mwdlrtgp5qguba
6745e286336bf17419810e6f: bafkreiexuo4p5yndggtgmjvpykcekztnmrz3ukbhkcknbpwiynq2ddrd4a
6745e286336bf17419810e73: bafkreig6t5tnwiqc3ze6q3brfpd3sbw7jt3eveq3r2wwusmzr4itiqlri4
6745e287336bf17419810e77: bafkreig6cdfnalqnf4sa3hlnp47iihr4ypg7wkivz75u6lkoihag2lxa6e
6745e287336bf17419810e7b: bafkreib6xhaymph56rn5uja54yjp7jm4e75kwwieaz5m4do7djmtzi7l5i
6745e287336bf17419810e7f: bafkreif6igi2nkwwfvsri7rh3znxlfiz4vyhheqnhccidhr4nh7litp5gu
6745e287336bf17419810e83: bafkreicr2jo44xsixyvdbfj5xajmyaebosz5yqnnhl6s2yfy543ieqpszi
6745e287336bf17419810e87: bafkreigotkkgs54kr35y3tbpu6r5w2323mpafeuev4s35gnvz3vlys774a
6745e288336bf17419810e8b: bafkreigd4chijcsddu2q26dunffjyi23mstuntqxwmtbs2xnssttaeahkq
6745e288336bf17419810e8f: bafkreic7jncun4jvh6xnpjbknb76jrzyl3be52d2dhdvhbioyevkba3shm
6745e288336bf17419810e93: bafkreicsdl6zehgafgbqkc2sv7qxa6zqw4sqeczq2zs5fdu6tdoqkhllci
6745e288336bf17419810e97: bafkreigqgxpf4p76nqktvnal7bublojmizwqrtztcq25xepdcsmt5iyptm
6745e288336bf17419810e9b: bafkreidus5o2tixiosltke7ggabwlovnr2u5uitms4dj7wvopyq3vweai4
6745e289336bf17419810e9f: bafkreihnwx2rczw6sn3e4rgd4hp2rk73ponux2t6pas5ddo5gu6akaufyy
6745e289336bf17419810ea3: bafkreictesix53zxrk6y56y7g4s2dbja4vafhpm6sb4l5r5dqhdpi2expm
6745e289336bf17419810ea7: bafkreig7jl6pyodp6iy7uv7muvktzxv3p3q22gv2kvrfclznmvqyf2iqyy
6745e289336bf17419810eab: bafkreif6m6mdqi6gouziiuwindhh6bw52qkkpx3bmcr2cpcegegfqbneka
6745e28a336bf17419810eaf: bafkreibspmuchloq64ekoes455wu63w6ecf2lvcti5vibejmr3r6uozyna
6745e28a336bf17419810eb3: bafkreicnpdb3g2qepajoorbcnoaedi47txnzg3ckb3vln7upmjlj2jkoc4
6745e28a336bf17419810eb7: bafkreicalkguib5sukknc2drtaytzyl4gianuuy6uhm3luazz5k52dp5ae
6745e28a336bf17419810ebb: bafkreibtmq5uk2ifiu3g2jkdzbtiaael656655ymnkqar376aiizsrz66m
6745e28b336bf17419810ebf: bafkreiac2ng2ybkjldkgpzpgr7pwwzlgbkrnkgno5oiyaa4ybvmw4tmjci
6745e28b336bf17419810ec3: bafkreibgdvcsovk547iksrmub65iy5igrq24cwzthawmqtmwipq3xjqvia
6745e28b336bf17419810ec7: bafkreihd25lps3dpn4ywgidm5fttffjq7gk5kf6zrnnhlnuamjgygfbave
6745e28b336bf17419810ecb: bafkreiaqn4juiddyarczj4fnbao3k3ov2e4kmev6k5grjib4me3acnppny
6745e28c336bf17419810ecf: bafkreigbkedl7xv4cwr7oxvso45uijxmtlte6nszdndf6qvgqduyfdi27u
6745e28c336bf17419810ed3: bafkreiarjlynj56j22cp24d2evsbtmqj525elhofzqrs467hwvs2qar4ua
6745e28c336bf17419810ed7: bafkreien7vvhuidpv6xa5o3wxs4nkmfovma2wi5xa5vdluy3imytdghwwe
6745e28c336bf17419810edb: bafkreib237qciz6p745hwleblc6tsdiflaqtaj22hayvygncej3x3hp3dy
6745e28c336bf17419810edf: bafkreielvpeoxsziwyrs4osgeoyomojehv57ml43iu36pds3j6dbi7ifam
6745e28d336bf17419810ee3: bafkreieymn3ngg3ugimdljrt45ztf3u3ywe6335xnubpxlomler4anbv5m
6745e28d336bf17419810ee7: bafkreigmxnq22xvilbv3ib3757bn3srlhreqjtz36slqgjmiew6x3byzdq
6745e28d336bf17419810eeb: bafkreic5qpym4orqnzsqa335ctzbpgumihv6wuoxkvmx6tzo7lr4bpfrle
6745e28d336bf17419810eef: bafkreiaae4r2kuqvx4dtzxqny5agowrzwa5qebnrwzozaxv4tvzplnww6m
6745e28d336bf17419810ef3: bafkreicmxoh5oqs7midzcanefzjgkaivxcd3ajuznxwcj7sc4mqnax4dey
6745e28e336bf17419810ef7: bafkreigcxjjabzs6jlpgas25zjyoiccyim3vs34khfidzdh3eylk5nd2mm
6745e28e336bf17419810efb: bafkreibhtbolzvgqijbbczwwacqvio23orxlntap4zwinspq7lfqavuije
6745e28e336bf17419810eff: bafkreibaevxhzpyemlu6otprtjkwqv55nwt5jjs5p43r7saoe6q7wkm3y4
6745e28e336bf17419810f03: bafkreifvp3yaqkvojl7bgut7rnd34x576a2loi3t26pemyj7xewsuxoaty
6745e28e336bf17419810f07: bafkreia3xd4e5crk6owricrg47wbkg2g2sbznsnmjicedvfcs5m7tpyzgm
6745e28f336bf17419810f0b: bafkreigfjx2hcy3eqy4nww33irm2ec7xofxnbuuxm5c3gstddn4naevpk4
6745e28f336bf17419810f0f: bafkreieluv37biosyrgnkgoayqfc6potlphj2t5udina637tunwrcgkmjy
6749c47b222a32cc9e2e9bf8: bafkreigdg5tmsopxdz55g5ityrn4nbzcbu34vsqjcamp3xfc4awvyutqvy
674abb4107114cb329b61f5c: bafkreidj7seghq6vkwl6lrcphaboitskkpbxq5b6nkmubnhsj4va4ymguq
674abc19d1b59575338f3b02: bafkreie2pquqg4ome64nuy7eyerunkvjohnolnr5jgtnywh7zd54bb2yui
674abe514d2fcd1cd69c78f4: bafkreifeo3currbkrekvkg2iczcv4zxkhucfhacri2govlf6nxikv77hg4
674abf5d86c417cdae267b19: bafkreihiiadqcvv74hvfso76i7gx6jzo52jvmqe3x7gjcpc77c5fbcu3ky
674c15728449327fb98bdc2f: bafkreiars5y4qedzyz2subxq6s3aansryhfawaov3fcn4uoae37o4chpji
674c158ba685a947f794c8c0: bafkreibg3x5bmr2mehvtgl3nvduwnhigrcbr4smki3jiylly5uu6drx5vu
674c17d3b1ec1eb9d1f993a7: bafkreifc66wyhnqoxlecq7izevf35t4uwlgreslprr6oguzvdvyw2ppv44
674d66d8c4550a2d1f4b8df8: bafkreih7zrqhj66ee6rkcgcaaauqzh6f5ge7nh7ayryhjzj6pz76nkw7pi
674d66ee123c23f408b0fd07: bafkreif3i5hcxnelijmeg26qjafuwmne4cutu3f3n3oevtehdrjrgvjxv4
674d6754c7bb2b06940205a2: bafkreianrdz3el3vgvmidfydhpgfkwpscuozgq2aoi7nf5m7wkdwyjdr64
674d677612510dcbc5f1e7d1: bafkreihunjznupif3chdlapj3dxw45rbqmz2bagkd4o45ozcqgpjutikpe
674d679f8a8b52ab3265ba5b: bafkreiff3tyif5zk7jvw5wqarpzeolyp6mi75cuorizii54suhqvxgxma4
674d67eeaa63720baee6f95d: bafkreigsgbfmsebrkwka2xisa4ppwysluirqtxohy726wgobcjwquhvhhy
674d6921cbb050f2b318dfa5: bafkreifoxmut5lv236se5mezigif6ycfckudzpxh67algen4jo3x26fjxy
674d696c33846e7240e6dee1: bafkreiagcgoothg22gdvqnkfgfvqdrloa3izxj5dsbnftwxo236iz2defm
674d69e591e553f291694223: bafkreihfyg6folpvqambhp25dg7eh3jzenyw4xvyl6t7ki7gr6deduv7by
674d6a043343eab796e902e3: bafkreibfmwbmbfx5sdfzaslre74sg6j4h2wc5vaydr7alb5737y627d74m
674d6a15cacd047629bd7ef3: bafkreiay76y35mah32rnq54besmkogkebcbawigrhwdpt5t5gdqsipmn3y
674d6a94df9fc2ccb7526745: bafkreib7b5ceie2ulv6a3wd4pakvhbl7ygowrewp42ugzzxwk63mptohli
674d6afaa21e30d4f9c183fb: bafkreiefsq46lghtz52do2vzd7hsvkjjebw6c35bk5d4dlcb64qjame44y
